<?xml version="1.0" encoding="UTF-8"?>
<!-- Generated by org.testng.reporters.JUnitReportReporter -->
<testsuite hostname="DESKTOP-AV67S5S" failures="0" tests="1" name="all97Programs.JavaPrograms" time="0.014" errors="0" timestamp="2023-10-10T16:09:55 IST" skipped="0">
  <testcase classname="all97Programs.JavaPrograms" name="reverseWordInString" time="0.014"/>
</testsuite> <!-- all97Programs.JavaPrograms -->
