<?xml version="1.0" encoding="UTF-8"?>
<!-- Generated by org.testng.reporters.JUnitReportReporter -->
<testsuite hostname="DESKTOP-ALD0Q5L" failures="0" tests="6" name="package_practice_TestNG.DataExcelTest" time="0.039" errors="0" timestamp="2023-08-07T10:00:31 IST" skipped="0">
  <testcase classname="package_practice_TestNG.DataExcelTest" name="fetchData" time="0.006"/>
  <system-out/>
  <testcase classname="package_practice_TestNG.DataExcelTest" name="fetchData" time="0.004"/>
  <system-out/>
  <testcase classname="package_practice_TestNG.DataExcelTest" name="fetchData" time="0.005"/>
  <system-out/>
  <testcase classname="package_practice_TestNG.DataExcelTest" name="fetchData" time="0.002"/>
  <system-out/>
  <testcase classname="package_practice_TestNG.DataExcelTest" name="fetchData" time="0.010"/>
  <system-out/>
  <testcase classname="package_practice_TestNG.DataExcelTest" name="fetchData" time="0.012"/>
  <system-out/>
</testsuite> <!-- package_practice_TestNG.DataExcelTest -->
