<?xml version="1.0" encoding="UTF-8"?>
<!-- Generated by org.testng.reporters.JUnitReportReporter -->
<testsuite hostname="DESKTOP-AV67S5S" failures="0" tests="1" name="package_practice.GeeksForGeeks" time="18.319" errors="0" timestamp="2023-10-17T17:00:24 IST" skipped="0">
  <testcase classname="package_practice.GeeksForGeeks" name="favIconclick" time="18.319"/>
</testsuite> <!-- package_practice.GeeksForGeeks -->
