<?xml version="1.0" encoding="UTF-8"?>
<!-- Generated by org.testng.reporters.JUnitReportReporter -->
<testsuite hostname="DESKTOP-ALD0Q5L" failures="0" tests="1" name="practice_package.CommandLineProgram" time="18.140" errors="0" timestamp="2023-07-28T17:24:14 IST" skipped="0">
  <testcase classname="practice_package.CommandLineProgram" name="readDataFromCommandLine" time="18.140"/>
  <system-out/>
</testsuite> <!-- practice_package.CommandLineProgram -->
