<?xml version="1.0" encoding="UTF-8"?>
<!-- Generated by org.testng.reporters.JUnitReportReporter -->
<testsuite hostname="DESKTOP-ALD0Q5L" failures="0" tests="2" name="package_practice_TestNG.AnnotationPractice" time="0.022" errors="0" timestamp="2023-08-07T12:30:37 IST" skipped="0">
  <testcase classname="package_practice_TestNG.AnnotationPractice" name="resultMethod" time="0.016"/>
  <testcase classname="package_practice_TestNG.AnnotationPractice" name="resultMethod1" time="0.006"/>
</testsuite> <!-- package_practice_TestNG.AnnotationPractice -->
