<?xml version="1.0" encoding="UTF-8"?>
<!-- Generated by org.testng.reporters.JUnitReportReporter -->
<testsuite hostname="DESKTOP-ALD0Q5L" failures="0" tests="2" name="package_practice_TestNG.DataProviderTest" time="0.020" errors="0" timestamp="2023-08-04T16:04:22 IST" skipped="0">
  <testcase classname="package_practice_TestNG.DataProviderTest" name="getData" time="0.018"/>
  <system-out/>
  <testcase classname="package_practice_TestNG.DataProviderTest" name="getData" time="0.002"/>
  <system-out/>
</testsuite> <!-- package_practice_TestNG.DataProviderTest -->
