<?xml version="1.0" encoding="UTF-8"?>
<!-- Generated by org.testng.reporters.JUnitReportReporter -->
<testsuite hostname="DESKTOP-ALD0Q5L" failures="0" tests="1" name="Package_TestngScripts.SearchSalesTestNGTest" time="7.694" errors="0" timestamp="2023-08-08T12:29:00 IST" skipped="0">
  <testcase classname="Package_TestngScripts.SearchSalesTestNGTest" name="searchTest" time="7.694"/>
</testsuite> <!-- Package_TestngScripts.SearchSalesTestNGTest -->
