<?xml version="1.0" encoding="UTF-8"?>
<!-- Generated by org.testng.reporters.JUnitReportReporter -->
<testsuite hostname="DESKTOP-ALD0Q5L" failures="0" tests="1" name="package_practice.HardAssertTest" time="102.442" errors="0" timestamp="2023-08-09T12:04:12 IST" skipped="0">
  <testcase classname="package_practice.HardAssertTest" name="hardAssert" time="102.442"/>
</testsuite> <!-- package_practice.HardAssertTest -->
