<?xml version="1.0" encoding="UTF-8"?>
<!-- Generated by org.testng.reporters.JUnitReportReporter -->
<testsuite hostname="DESKTOP-ALD0Q5L" failures="0" tests="1" name="Package_TestngScripts.CreateOpperTestNGTest" time="12.236" errors="0" timestamp="2023-08-08T15:31:27 IST" skipped="0">
  <testcase classname="Package_TestngScripts.CreateOpperTestNGTest" name="opportunityTest" time="12.236"/>
</testsuite> <!-- Package_TestngScripts.CreateOpperTestNGTest -->
