<?xml version="1.0" encoding="UTF-8"?>
<!-- Generated by org.testng.reporters.JUnitReportReporter -->
<testsuite hostname="DESKTOP-ALD0Q5L" failures="0" tests="1" name="package_practice_TestNG.PracticeBaseClassTest" time="7.684" errors="0" timestamp="2023-08-07T12:46:05 IST" skipped="0">
  <testcase classname="package_practice_TestNG.PracticeBaseClassTest" name="LoginScript" time="7.684"/>
</testsuite> <!-- package_practice_TestNG.PracticeBaseClassTest -->
