<?xml version="1.0" encoding="UTF-8"?>
<!-- Generated by org.testng.reporters.JUnitReportReporter -->
<testsuite hostname="DESKTOP-AV67S5S" failures="0" tests="1" name="Package_TestngScripts.MultipleWindowHandle" time="22.811" errors="0" timestamp="2023-10-19T09:19:28 IST" skipped="0">
  <testcase classname="Package_TestngScripts.MultipleWindowHandle" name="multipleWindow" time="22.811"/>
</testsuite> <!-- Package_TestngScripts.MultipleWindowHandle -->
