<?xml version="1.0" encoding="UTF-8"?>
<!-- Generated by org.testng.reporters.JUnitReportReporter -->
<testsuite hostname="DESKTOP-ALD0Q5L" failures="0" tests="4" name="package_practice_TestNG.PracticeTestNGTest" time="0.034" errors="0" timestamp="2023-08-04T12:38:01 IST" skipped="0">
  <testcase classname="package_practice_TestNG.PracticeTestNGTest" name="editData" time="0.019"/>
  <system-out/>
  <testcase classname="package_practice_TestNG.PracticeTestNGTest" name="editData" time="0.008"/>
  <system-out/>
  <testcase classname="package_practice_TestNG.PracticeTestNGTest" name="createData" time="0.002"/>
  <system-out/>
  <testcase classname="package_practice_TestNG.PracticeTestNGTest" name="deleteData" time="0.005"/>
  <system-out/>
</testsuite> <!-- package_practice_TestNG.PracticeTestNGTest -->
