<?xml version="1.0" encoding="UTF-8"?>
<!-- Generated by org.testng.reporters.JUnitReportReporter -->
<testsuite hostname="DESKTOP-ALD0Q5L" failures="0" tests="1" name="package_practice.SoftAssertTest" time="0.029" errors="0" timestamp="2023-08-09T11:40:07 IST" skipped="0">
  <testcase classname="package_practice.SoftAssertTest" name="softAssert" time="0.029"/>
</testsuite> <!-- package_practice.SoftAssertTest -->
