<?xml version="1.0" encoding="UTF-8"?>
<!-- Generated by org.testng.reporters.JUnitReportReporter -->
<testsuite hostname="DESKTOP-ALD0Q5L" failures="0" tests="4" name="package_practice_TestNG.FetchDataTest" time="0.037" errors="0" timestamp="2023-08-04T15:05:03 IST" skipped="0">
  <testcase classname="package_practice_TestNG.FetchDataTest" name="getDsata" time="0.004"/>
  <system-out/>
  <testcase classname="package_practice_TestNG.FetchDataTest" name="getDsata" time="0.023"/>
  <system-out/>
  <testcase classname="package_practice_TestNG.FetchDataTest" name="getDsata1" time="0.006"/>
  <system-out/>
  <testcase classname="package_practice_TestNG.FetchDataTest" name="getDsata1" time="0.004"/>
  <system-out/>
</testsuite> <!-- package_practice_TestNG.FetchDataTest -->
