<?xml version="1.0" encoding="UTF-8"?>
<!-- Generated by org.testng.reporters.JUnitReportReporter -->
<testsuite hostname="DESKTOP-ALD0Q5L" failures="0" tests="2" name="package_practice_TestNG.ProductTest" time="0.019" errors="0" timestamp="2023-08-07T16:37:26 IST" skipped="0">
  <testcase classname="package_practice_TestNG.ProductTest" name="modifiyTest" time="0.004"/>
  <testcase classname="package_practice_TestNG.ProductTest" name="deleteTest" time="0.015"/>
</testsuite> <!-- package_practice_TestNG.ProductTest -->
